11:29:47 **** Incremental Build of configuration Debug for project Calculator ****
make all 
Invoking: Print Size
avr-size --format=avr --mcu=atmega32 Calculator.elf
AVR Memory Usage
----------------
Device: atmega32

Program:    9252 bytes (28.2% Full)
(.text + .data + .bootloader)

Data:         30 bytes (1.5% Full)
(.data + .bss + .noinit)


Finished building: sizedummy
 
Invoking: AVRDude
C:\WinAVR-20100110\bin\avrdude -pm32 -cusbasp -Uflash:w:Calculator.hex:a

avrdude: AVR device initialized and ready to accept instructions

Reading | ################################################## | 100% 0.01s

avrdude: Device signature = 0x1e9502
avrdude: NOTE: FLASH memory has been specified, an erase cycle will be performed
         To disable this feature, specify the -D option.
avrdude: erasing chip
avrdude: reading input file "Calculator.hex"
avrdude: input file Calculator.hex auto detected as Intel Hex
avrdude: writing flash (9252 bytes):

Writing | ################################################## | 100% 3.89s

avrdude: 9252 bytes of flash written
avrdude: verifying flash memory against Calculator.hex:
avrdude: load data flash data from input file Calculator.hex:
avrdude: input file Calculator.hex auto detected as Intel Hex
avrdude: input file Calculator.hex contains 9252 bytes
avrdude: reading on-chip flash data:

Reading | ################################################## | 100% 2.34s

avrdude: verifying ...
avrdude: 9252 bytes of flash verified

avrdude done.  Thank you.

Finished building: avrdudedummy
 

11:29:55 Build Finished (took 7s.94ms)

