18:47:14 **** Incremental Build of configuration Debug for project Gate_Proteus ****
make all 
Building file: ../main_storehouse.c
Invoking: AVR Compiler
avr-gcc -Wall -g2 -gstabs -O0 -fpack-struct -fshort-enums -ffunction-sections -fdata-sections -std=gnu99 -funsigned-char -funsigned-bitfields -mmcu=atmega32 -DF_CPU=8000000UL -MMD -MP -MF"main_storehouse.d" -MT"main_storehouse.o" -c -o "main_storehouse.o" "../main_storehouse.c"
In file included from ../main_storehouse.c:12:
c:/winavr-20100110/lib/gcc/../../avr/include/avr/delay.h:36:2: warning: #warning "This file has been moved to <util/delay.h>."
In file included from c:/winavr-20100110/lib/gcc/../../avr/include/avr/delay.h:37,
                 from ../main_storehouse.c:12:
c:/winavr-20100110/lib/gcc/../../avr/include/util/delay.h:90:3: warning: #warning "Compiler optimizations disabled; functions from <util/delay.h> won't work as designed"
../main_storehouse.c:37: warning: return type of 'main' is not 'int'
Finished building: ../main_storehouse.c
 
Building target: Gate_Proteus.elf
Invoking: AVR C Linker
avr-gcc -Wl,-Map,Gate_Proteus.map -mmcu=atmega32 -o "Gate_Proteus.elf"  ./DIO_Pro.o ./EEPROM.o ./Keypad_Pro.o ./LCD_Pro.o ./fun_pro.o ./main_storehouse.o ./seven_segment_Pro.o   
Finished building target: Gate_Proteus.elf
 
Invoking: AVR Create Extended Listing
avr-objdump -h -S Gate_Proteus.elf  >"Gate_Proteus.lss"
Finished building: Gate_Proteus.lss
 
Create Flash image (ihex format)
avr-objcopy -R .eeprom -R .fuse -R .lock -R .signature -O ihex Gate_Proteus.elf  "Gate_Proteus.hex"
Finished building: Gate_Proteus.hex
 
Invoking: Print Size
avr-size --format=avr --mcu=atmega32 Gate_Proteus.elf
AVR Memory Usage
----------------
Device: atmega32

Program:   14026 bytes (42.8% Full)
(.text + .data + .bootloader)

Data:         58 bytes (2.8% Full)
(.data + .bss + .noinit)


Finished building: sizedummy
 
Invoking: AVRDude
C:\WinAVR-20100110\bin\avrdude -pm32 -cusbasp -Uflash:w:Gate_Proteus.hex:a

avrdude: AVR device initialized and ready to accept instructions

Reading | ################################################## | 100% 0.00s

avrdude: Device signature = 0x1e9502
avrdude: NOTE: FLASH memory has been specified, an erase cycle will be performed
         To disable this feature, specify the -D option.
avrdude: erasing chip
avrdude: reading input file "Gate_Proteus.hex"
avrdude: input file Gate_Proteus.hex auto detected as Intel Hex
avrdude: writing flash (14026 bytes):

Writing | ################################################## | 100% 5.91s

avrdude: 14026 bytes of flash written
avrdude: verifying flash memory against Gate_Proteus.hex:
avrdude: load data flash data from input file Gate_Proteus.hex:
avrdude: input file Gate_Proteus.hex auto detected as Intel Hex
avrdude: input file Gate_Proteus.hex contains 14026 bytes
avrdude: reading on-chip flash data:

Reading | ################################################## | 100% 3.57s

avrdude: verifying ...
avrdude: 14026 bytes of flash verified

avrdude done.  Thank you.

Finished building: avrdudedummy
 

18:47:25 Build Finished (took 10s.882ms)

