10:02:11 **** Incremental Build of configuration Debug for project I2C_Driver ****
make all 
Building file: ../I2C_Pro.c
Invoking: AVR Compiler
avr-gcc -Wall -g2 -gstabs -O0 -fpack-struct -fshort-enums -ffunction-sections -fdata-sections -std=gnu99 -funsigned-char -funsigned-bitfields -mmcu=atmega16 -DF_CPU=1000000UL -MMD -MP -MF"I2C_Pro.d" -MT"I2C_Pro.o" -c -o "I2C_Pro.o" "../I2C_Pro.c"
Finished building: ../I2C_Pro.c
 
Building target: I2C_Driver.elf
Invoking: AVR C Linker
avr-gcc -Wl,-Map,I2C_Driver.map -mmcu=atmega16 -o "I2C_Driver.elf"  ./I2C_Pro.o ./i2c_main.o   
Finished building target: I2C_Driver.elf
 
Invoking: AVR Create Extended Listing
avr-objdump -h -S I2C_Driver.elf  >"I2C_Driver.lss"
Finished building: I2C_Driver.lss
 
Invoking: Print Size
avr-size --format=avr --mcu=atmega16 I2C_Driver.elf
AVR Memory Usage
----------------
Device: atmega16

Program:     218 bytes (1.3% Full)
(.text + .data + .bootloader)

Data:          0 bytes (0.0% Full)
(.data + .bss + .noinit)


Finished building: sizedummy
 

10:02:11 Build Finished (took 506ms)

