11:23:14 **** Incremental Build of configuration Debug for project LCD ****
make all 
Building file: ../main.c
Invoking: AVR Compiler
avr-gcc -Wall -g2 -gstabs -O0 -fpack-struct -fshort-enums -ffunction-sections -fdata-sections -std=gnu99 -funsigned-char -funsigned-bitfields -mmcu=atmega32 -DF_CPU=8000000UL -MMD -MP -MF"main.d" -MT"main.o" -c -o "main.o" "../main.c"
In file included from ../main.c:11:
c:/winavr-20100110/lib/gcc/../../avr/include/avr/delay.h:36:2: warning: #warning "This file has been moved to <util/delay.h>."
In file included from c:/winavr-20100110/lib/gcc/../../avr/include/avr/delay.h:37,
                 from ../main.c:11:
c:/winavr-20100110/lib/gcc/../../avr/include/util/delay.h:90:3: warning: #warning "Compiler optimizations disabled; functions from <util/delay.h> won't work as designed"
../main.c:14: warning: return type of 'main' is not 'int'
../main.c: In function 'main':
../main.c:31: warning: pointer targets in passing argument 1 of 'LCD_vWriteString' differ in signedness
Finished building: ../main.c
 
Building target: LCD.elf
Invoking: AVR C Linker
avr-gcc -Wl,-Map,LCD.map -mmcu=atmega32 -o "LCD.elf"  ./DIO_Pro.o ./LCD_Pro.o ./main.o   
Finished building target: LCD.elf
 
Invoking: AVR Create Extended Listing
avr-objdump -h -S LCD.elf  >"LCD.lss"
Finished building: LCD.lss
 
Create Flash image (ihex format)
avr-objcopy -R .eeprom -R .fuse -R .lock -R .signature -O ihex LCD.elf  "LCD.hex"
Finished building: LCD.hex
 
Invoking: Print Size
avr-size --format=avr --mcu=atmega32 LCD.elf
AVR Memory Usage
----------------
Device: atmega32

Program:    8600 bytes (26.2% Full)
(.text + .data + .bootloader)

Data:         14 bytes (0.7% Full)
(.data + .bss + .noinit)


Finished building: sizedummy
 
Invoking: AVRDude
C:\WinAVR-20100110\bin\avrdude -pm32 -cusbasp -Uflash:w:LCD.hex:a
avrdude: error: could not find USB device "USBasp" with vid=0x16c0 pid=0x5dc
make: *** [avrdudedummy] Error 1

11:23:15 Build Finished (took 1s.162ms)

