23:20:42 **** Incremental Build of configuration Debug for project RTOS_Slave ****
make all 
Building file: ../Timer0_Pro.c
Invoking: AVR Compiler
avr-gcc -Wall -g2 -gstabs -O0 -fpack-struct -fshort-enums -ffunction-sections -fdata-sections -std=gnu99 -funsigned-char -funsigned-bitfields -mmcu=atmega16 -DF_CPU=1000000UL -MMD -MP -MF"Timer0_Pro.d" -MT"Timer0_Pro.o" -c -o "Timer0_Pro.o" "../Timer0_Pro.c"
Finished building: ../Timer0_Pro.c
 
Building target: RTOS_Slave.elf
Invoking: AVR C Linker
avr-gcc -Wl,-Map,RTOS_Slave.map -mmcu=atmega16 -o "RTOS_Slave.elf"  ./DIO_Pro.o ./Keypad_Pro.o ./LCD_Pro.o ./RTOS_Pro.o ./Timer0_Pro.o ./main_RTOS.o ./slave.o   
Finished building target: RTOS_Slave.elf
 
Invoking: AVR Create Extended Listing
avr-objdump -h -S RTOS_Slave.elf  >"RTOS_Slave.lss"
Finished building: RTOS_Slave.lss
 
Create Flash image (ihex format)
avr-objcopy -R .eeprom -R .fuse -R .lock -R .signature -O ihex RTOS_Slave.elf  "RTOS_Slave.hex"
Finished building: RTOS_Slave.hex
 
Invoking: Print Size
avr-size --format=avr --mcu=atmega16 RTOS_Slave.elf
AVR Memory Usage
----------------
Device: atmega16

Program:   10024 bytes (61.2% Full)
(.text + .data + .bootloader)

Data:         41 bytes (4.0% Full)
(.data + .bss + .noinit)


Finished building: sizedummy
 

23:20:43 Build Finished (took 875ms)

